POST /api/adminAuth/logout-admin 200 4.967 ms
GET /api/open/get-company 304 194.533 ms
GET /api/open/carousel 200 196.191 ms
DELETE /api/admin/delete-carousel/6708cb763f99d09d32dcdd4d 200 4635.957 ms
DELETE /api/admin/delete-carousel/6708d4dab67e163d3940bae0 200 642.943 ms
GET /api/open/carousel 200 83.186 ms
DELETE /api/admin/delete-carousel/6708cb763f99d09d32dcdd4d 200 3536.937 ms
GET /api/open/carousel 304 122.592 ms
GET /api/open/get-company 304 129.918 ms
POST /api/adminAuth/logout-admin 200 6.450 ms
POST /api/open/post-history 200 604.582 ms
GET /api/open/get-company 304 1282.217 ms
GET /api/open/get-menu-items 304 1298.980 ms
GET /api/open/get-tax 304 1303.282 ms
GET /api/user/get-cart/670ce8cc1ef5c625679ebec2 304 1460.857 ms
GET /api/open/categories 304 1963.356 ms
GET /api/user/get-address/670ce8cc1ef5c625679ebec2 304 2123.869 ms
GET /api/open/get-company 304 122.605 ms
GET /api/open/get-tax 304 156.594 ms
GET /api/open/categories 304 196.159 ms
GET /api/open/get-menu-items 304 484.470 ms
GET /api/open/get-company 304 73.294 ms
GET /api/open/get-tax 304 68.226 ms
GET /api/open/categories 304 63.677 ms
POST /api/open/post-history 200 59.853 ms
GET /api/user/get-address/670ce8cc1ef5c625679ebec2 304 124.307 ms
GET /api/user/get-cart/670ce8cc1ef5c625679ebec2 304 140.423 ms
GET /api/open/get-menu-items 304 363.982 ms
GET /api/open/get-company 304 85.762 ms
GET /api/open/get-tax 304 84.901 ms
GET /api/open/categories 304 86.651 ms
GET /api/open/get-menu-items 304 312.822 ms
GET /api/open/get-company 304 116.747 ms
GET /api/open/get-menu-items 304 117.369 ms
GET /api/open/get-tax 304 117.280 ms
GET /api/open/categories 304 116.541 ms
POST /api/open/post-history 200 110.748 ms
GET /api/user/get-cart/670ce8cc1ef5c625679ebec2 304 215.726 ms
GET /api/user/get-address/670ce8cc1ef5c625679ebec2 304 210.183 ms
GET /api/open/get-company 304 53.573 ms
GET /api/open/get-menu-items 304 71.802 ms
GET /api/open/get-tax 304 77.272 ms
GET /api/open/categories 304 78.146 ms
GET /api/open/get-company 304 113.891 ms
GET /api/open/get-menu-items 304 111.454 ms
GET /api/open/get-tax 304 109.871 ms
GET /api/open/categories 304 114.480 ms
GET /api/user/get-cart/670ce8cc1ef5c625679ebec2 304 160.816 ms
GET /api/user/get-address/670ce8cc1ef5c625679ebec2 304 116.069 ms
POST /api/open/post-history 200 378.087 ms
GET /api/open/get-menu-items 304 43.489 ms
GET /api/open/get-company 304 55.349 ms
GET /api/open/get-tax 304 43.172 ms
GET /api/open/categories 304 45.387 ms
PUT /api/user/update-profile 200 5822.098 ms
GET /api/user/get-address/670ce8cc1ef5c625679ebec2 - - ms
GET /api/user/get-cart/670ce8cc1ef5c625679ebec2 - - ms
POST /api/open/post-history 200 66.902 ms
GET /api/open/get-company 304 41.188 ms
GET /api/open/get-menu-items 304 43.048 ms
GET /api/open/get-tax 304 47.178 ms
GET /api/user/get-cart/670ce8cc1ef5c625679ebec2 200 110.640 ms
GET /api/user/get-address/670ce8cc1ef5c625679ebec2 200 113.130 ms
GET /api/open/categories 304 299.583 ms
GET /api/open/get-company 304 45.253 ms
GET /api/open/categories 304 40.719 ms
GET /api/open/get-tax 304 52.775 ms
GET /api/open/get-menu-items 304 207.207 ms
PUT /api/user/update-profile-data/670ce8cc1ef5c625679ebec2 200 212.502 ms
GET /api/user/get-cart/670ce8cc1ef5c625679ebec2 304 97.773 ms
GET /api/user/get-address/670ce8cc1ef5c625679ebec2 304 88.872 ms
GET /api/open/get-menu-items 304 35.905 ms
GET /api/open/get-company 304 58.029 ms
GET /api/open/get-tax 304 53.351 ms
GET /api/open/categories 304 64.386 ms
POST /api/open/post-history 200 69.388 ms
GET /api/user/get-cart/670ce8cc1ef5c625679ebec2 304 98.937 ms
GET /api/user/get-address/670ce8cc1ef5c625679ebec2 304 108.456 ms
GET /api/open/get-menu-items 304 64.881 ms
GET /api/open/get-company 304 65.459 ms
GET /api/open/categories 304 62.490 ms
GET /api/open/get-tax 304 67.634 ms
GET /api/open/get-company 304 50.728 ms
GET /api/admin/avg-of-mmonth 500 61.868 ms
GET /api/open/get-company 304 61.467 ms
GET /api/admin/avg-of-mmonth 200 97.388 ms
GET /api/admin/avg-of-mmonth 401 0.321 ms
GET /api/open/get-company 304 63.462 ms
GET /api/admin/avg-of-mmonth 401 0.873 ms
GET /api/open/get-company 304 50.501 ms
GET /api/admin/avg-of-mmonth 401 0.322 ms
GET /api/open/get-company 304 41.480 ms
GET /api/open/get-company 304 50.121 ms
GET /api/admin/avg-of-mmonth 304 54.907 ms
GET /api/open/get-company 304 37.009 ms
GET /api/admin/avg-of-mmonth 304 53.078 ms
GET /api/open/get-company 304 66.559 ms
GET /api/admin/avg-of-mmonth 304 65.131 ms
GET /api/open/get-company 304 63.914 ms
GET /api/admin/avg-of-mmonth 304 60.868 ms
POST /api/user/add-address 401 0.241 ms
GET /api/user/get-cart/670ce8cc1ef5c625679ebec2 401 0.303 ms
GET /api/user/get-address/670ce8cc1ef5c625679ebec2 401 0.282 ms
POST /api/userAuth/logout-user/undefined 400 0.766 ms
GET /api/user/get-address/670ce8cc1ef5c625679ebec2 401 0.259 ms
POST /api/open/post-history 200 57.763 ms
GET /api/open/categories 304 45.758 ms
GET /api/open/get-tax 304 51.124 ms
GET /api/open/get-company 304 46.778 ms
GET /api/open/get-menu-items 304 541.195 ms
POST /api/userAuth/logout-user/670ce8cc1ef5c625679ebec2 200 1.188 ms
POST /api/open/post-history 200 56.362 ms
GET /api/user/get-cart/null 401 0.855 ms
POST /api/userAuth/logout-user/undefined 400 0.645 ms
GET /api/open/get-company 304 71.500 ms
GET /api/open/get-tax 304 80.809 ms
GET /api/open/categories 304 92.279 ms
GET /api/open/get-menu-items 304 90.716 ms
POST /api/userAuth/login-user 200 157.790 ms
POST /api/userAuth/verify-otp-user 200 54.178 ms
POST /api/open/post-history 200 60.174 ms
GET /api/open/carousel 304 53.027 ms
GET /api/open/get-scroll-cards 304 65.361 ms
GET /api/user/get-cart/670652bbd92c8041760d4730 200 196.264 ms
GET /api/open/get-products?page=1&limit=8 304 291.011 ms
GET /api/open/get-adds-images 304 330.186 ms
GET /api/open/get-company 304 44.770 ms
GET /api/open/get-tax 304 59.899 ms
GET /api/open/categories 304 58.623 ms
GET /api/open/carousel 304 55.101 ms
GET /api/open/get-adds-images 304 43.666 ms
GET /api/open/get-menu-items 304 288.876 ms
GET /api/open/get-products?page=1&limit=8 304 242.069 ms
GET /api/open/get-scroll-cards 304 497.866 ms
GET /api/open/details/66fe336566e72cee08b698cd 304 39.712 ms
POST /api/open/post-history 200 65.211 ms
GET /api/user/get-all-reviews/66fe336566e72cee08b698cd 304 96.207 ms
GET /api/open/get-tax 304 63.873 ms
GET /api/open/get-company 304 108.117 ms
GET /api/open/categories 304 105.921 ms
GET /api/open/details/66fe336566e72cee08b698cd 304 112.728 ms
GET /api/open/get-menu-items 304 297.921 ms
POST /api/open/post-history 200 44.029 ms
GET /api/open/details/66fe336566e72cee08b698cd 304 45.594 ms
GET /api/open/get-tax 304 60.657 ms
GET /api/open/categories 304 54.639 ms
GET /api/user/get-address/670652bbd92c8041760d4730 304 139.077 ms
GET /api/open/get-company 304 66.246 ms
GET /api/open/get-menu-items 304 77.619 ms
POST /api/open/post-history 200 56.426 ms
GET /api/user/get-all-payment-method 304 99.521 ms
GET /api/open/get-menu-items 304 41.013 ms
GET /api/open/get-tax 304 54.224 ms
GET /api/open/categories 304 53.275 ms
GET /api/open/get-company 304 51.517 ms
POST /api/user/create-order 200 905.466 ms
GET /api/open/get-adds-images 304 64.466 ms
GET /api/open/carousel 304 74.461 ms
GET /api/user/get-all-payment-method 304 105.673 ms
GET /api/open/get-products?page=1&limit=8 200 156.799 ms
GET /api/user/get-cart/670652bbd92c8041760d4730 200 170.624 ms
GET /api/open/get-scroll-cards 304 296.914 ms
GET /api/admin/all-orders 304 199.392 ms
GET /api/admin/get-all-products 304 100.124 ms
GET /api/admin/all-user 304 58.292 ms
GET /api/open/carousel 304 51.044 ms
GET /api/open/get-company 304 104.572 ms
GET /api/open/get-tax 304 84.843 ms
GET /api/open/carousel 304 44.967 ms
GET /api/user/get-cart/670652bbd92c8041760d4730 304 199.837 ms
GET /api/open/get-menu-items 304 234.077 ms
GET /api/open/get-adds-images 304 275.060 ms
GET /api/open/get-products?page=1&limit=8 304 235.572 ms
GET /api/open/categories 304 386.464 ms
GET /api/open/get-scroll-cards 304 408.154 ms
POST /api/open/post-history 200 71.150 ms
GET /api/user/get-address/670652bbd92c8041760d4730 304 143.003 ms
GET /api/open/get-company 304 48.928 ms
GET /api/open/get-tax 304 54.369 ms
GET /api/open/get-menu-items 304 60.361 ms
GET /api/open/categories 304 62.328 ms
GET /api/open/get-scroll-cards 304 47.779 ms
GET /api/open/carousel 304 44.692 ms
GET /api/open/get-adds-images 304 51.667 ms
GET /api/open/get-products?page=1&limit=8 304 114.852 ms
POST /api/open/post-history 200 63.422 ms
GET /api/open/get-company 304 75.254 ms
GET /api/open/get-tax 304 74.898 ms
GET /api/open/categories 304 74.784 ms
GET /api/open/get-menu-items 304 255.517 ms
GET /api/open/get-company 304 158.803 ms
GET /api/open/get-tax 304 156.299 ms
GET /api/admin/get-company-addresses 304 153.038 ms
PUT /api/admin/update-company-address/67037fd964dabc951181eae4 400 6.608 ms
GET /api/open/get-tax 304 66.973 ms
GET /api/admin/get-company-addresses 304 105.874 ms
GET /api/open/get-company 304 148.636 ms
PUT /api/admin/update-company-address/67037fd964dabc951181eae4 400 5.503 ms
GET /api/open/get-tax 304 82.106 ms
GET /api/open/get-company 304 86.693 ms
GET /api/open/get-tax - - ms
GET /api/open/get-company 200 50.068 ms
GET /api/admin/get-company-addresses 200 49.178 ms
GET /api/open/get-tax 200 59.178 ms
GET /api/open/get-company 304 45.632 ms
GET /api/admin/get-all-products 304 173.311 ms
DELETE /api/admin/permanent-delete-product/670b62a917ae6f3149e2bc90 200 75.543 ms
GET /api/open/get-company 304 48.457 ms
GET /api/admin/get-all-products 200 335.726 ms
GET /api/open/get-company 304 74.158 ms
GET /api/admin/get-all-products 304 391.799 ms
DELETE /api/admin/permanent-delete-product/670b63deeb5678897335f071 200 51.079 ms
GET /api/admin/get-all-products 200 209.236 ms
DELETE /api/admin/permanent-delete-product/670b6357eb5678897335f06e 200 71.001 ms
GET /api/admin/get-all-products 200 275.960 ms
DELETE /api/admin/permanent-delete-product/670b62aa17ae6f3149e2bc92 200 72.825 ms
GET /api/admin/get-all-products 200 159.524 ms
DELETE /api/admin/permanent-delete-product/670b62ac17ae6f3149e2bc96 200 46.852 ms
GET /api/admin/get-all-products 200 184.826 ms
DELETE /api/admin/permanent-delete-product/670b62ab17ae6f3149e2bc94 200 42.095 ms
GET /api/admin/get-all-products 200 501.762 ms
GET /api/open/get-company 304 39.182 ms
GET /api/admin/get-all-products 304 211.395 ms
GET /api/open/get-company 304 57.069 ms
GET /api/admin/all-user 304 59.501 ms
GET /api/open/get-company 304 46.836 ms
GET /api/admin/all-user 304 459.010 ms
GET /api/open/get-company 304 88.736 ms
GET /api/admin/all-user 304 524.125 ms
GET /api/open/get-company 304 65.528 ms
GET /api/admin/all-user 304 210.140 ms
GET /api/open/get-company 304 71.757 ms
GET /api/admin/all-user 304 538.172 ms
GET /api/user/get-cart/null 409 0.780 ms
GET /api/open/get-menu-items 304 53.650 ms
GET /api/open/get-tax 304 54.342 ms
GET /api/open/categories 304 54.855 ms
GET /api/open/carousel 304 55.463 ms
GET /api/open/get-scroll-cards 304 72.961 ms
POST /api/userAuth/logout-user/null 400 1.609 ms
GET /api/open/get-products?page=1&limit=8 200 225.186 ms
GET /api/open/get-adds-images 304 567.677 ms
POST /api/userAuth/login-user 200 178.124 ms
GET /api/user/get-cart/null 409 0.412 ms
GET /api/open/get-company 304 367.306 ms
GET /api/open/get-tax 304 367.058 ms
GET /api/open/categories 304 597.865 ms
GET /api/open/get-menu-items 304 1117.255 ms
POST /api/userAuth/logout-user/null 400 1.198 ms
POST /api/userAuth/login-user 200 105.897 ms
POST /api/userAuth/verify-otp-user 200 45.478 ms
POST /api/open/post-history 200 77.244 ms
GET /api/user/get-cart/670652bbd92c8041760d4730 200 122.734 ms
GET /api/open/carousel 304 50.438 ms
GET /api/open/get-scroll-cards 304 221.123 ms
GET /api/open/get-adds-images 304 221.632 ms
GET /api/open/get-products?page=1&limit=8 304 448.560 ms
GET /api/open/categories 304 57.299 ms
GET /api/open/get-tax 304 64.004 ms
GET /api/open/get-company 304 71.936 ms
GET /api/open/carousel 304 60.000 ms
GET /api/open/get-adds-images 304 44.131 ms
GET /api/open/get-scroll-cards 304 326.216 ms
GET /api/open/get-menu-items 304 452.472 ms
GET /api/open/get-products?page=1&limit=8 304 508.250 ms
POST /api/open/post-history 200 54.009 ms
GET /api/user/get-address/670652bbd92c8041760d4730 304 77.352 ms
GET /api/open/get-company 304 40.698 ms
GET /api/open/categories 304 47.838 ms
GET /api/open/get-tax 304 48.871 ms
GET /api/open/get-menu-items 304 188.855 ms
GET /api/admin/get-schedules 409 0.307 ms
POST /api/open/post-history 200 209.597 ms
GET /api/user/get-all-reviews/6713778299cf2e9eb067f55a 304 233.321 ms
POST /api/open/add-view 200 223.082 ms
GET /api/open/details/6713778299cf2e9eb067f55a 304 262.537 ms
GET /api/open/get-tax 304 46.496 ms
GET /api/open/categories 304 74.405 ms
GET /api/open/details/6713778299cf2e9eb067f55a 304 73.229 ms
GET /api/open/get-company 304 90.343 ms
GET /api/open/get-menu-items 304 694.415 ms
GET /api/open/get-scroll-cards 304 65.244 ms
GET /api/open/carousel 304 65.033 ms
GET /api/open/get-adds-images 304 74.489 ms
GET /api/open/get-products?page=1&limit=8 304 469.490 ms
GET /api/admin/get-schedules 409 0.229 ms
GET /api/open/details/672ed7e84444a25864a1ea19 304 44.948 ms
POST /api/open/post-history 200 53.672 ms
POST /api/open/add-view 200 94.830 ms
GET /api/open/get-company 304 33.386 ms
GET /api/open/get-tax 304 43.741 ms
GET /api/open/categories 304 43.766 ms
GET /api/open/details/672ed7e84444a25864a1ea19 304 40.319 ms
GET /api/open/get-menu-items 304 643.928 ms
GET /api/open/get-adds-images 304 84.642 ms
GET /api/open/get-scroll-cards 304 98.547 ms
GET /api/open/carousel 304 106.711 ms
GET /api/open/get-products?page=1&limit=8 304 220.459 ms
GET /api/admin/get-schedules 409 0.395 ms
POST /api/open/post-history 200 87.384 ms
POST /api/open/add-view 200 164.298 ms
GET /api/open/details/672ed7e84444a25864a1ea19 200 50.239 ms
GET /api/open/categories 304 63.495 ms
GET /api/open/get-company 304 79.493 ms
GET /api/open/get-tax 304 84.504 ms
GET /api/open/get-menu-items 304 281.676 ms
GET /api/open/categories 304 56.281 ms
GET /api/open/get-tax 304 81.269 ms
GET /api/open/get-company 304 91.171 ms
GET /api/open/get-menu-items 304 96.135 ms
GET /api/admin/get-schedules 409 0.327 ms
GET /api/user/get-all-reviews/672ed7e84444a25864a1ea19 304 101.977 ms
POST /api/open/post-history 200 44.249 ms
GET /api/open/details/672ed7e84444a25864a1ea19 304 52.527 ms
GET /api/user/get-cart/6713cdac565856b74db1df71 304 154.905 ms
POST /api/open/add-view 200 79.928 ms
GET /api/open/categories 304 44.289 ms
GET /api/open/get-tax 304 43.927 ms
GET /api/open/get-company 304 42.085 ms
GET /api/open/details/672ed7e84444a25864a1ea19 304 41.267 ms
GET /api/open/get-menu-items 304 48.040 ms
GET /api/admin/get-schedules 409 0.477 ms
POST /api/open/post-history 200 72.613 ms
POST /api/open/add-view 200 127.661 ms
GET /api/open/details/672ed7e84444a25864a1ea19 304 57.855 ms
GET /api/open/get-tax 304 73.784 ms
GET /api/open/categories 304 85.696 ms
GET /api/open/get-company 304 82.983 ms
GET /api/open/get-menu-items 304 80.885 ms
GET /api/open/get-adds-images 304 59.979 ms
GET /api/open/carousel 304 61.749 ms
GET /api/open/get-scroll-cards 304 72.603 ms
GET /api/open/get-products?page=1&limit=8 200 234.887 ms
GET /api/open/get-company 304 80.842 ms
GET /api/open/get-tax 304 76.675 ms
GET /api/open/categories 304 71.278 ms
GET /api/open/carousel 304 38.459 ms
GET /api/open/get-adds-images 304 66.191 ms
GET /api/user/get-cart/6713cdac565856b74db1df71 304 182.360 ms
GET /api/open/get-menu-items 304 229.998 ms
GET /api/open/get-products?page=1&limit=8 304 174.306 ms
GET /api/admin/get-schedules 409 0.372 ms
GET /api/open/details/672ed7e84444a25864a1ea19 200 64.255 ms
POST /api/open/post-history 200 55.134 ms
POST /api/open/add-view 200 89.442 ms
GET /api/user/get-all-reviews/672ed7e84444a25864a1ea19 304 109.609 ms
GET /api/open/get-scroll-cards 304 3585.852 ms
GET /api/open/categories 304 48.099 ms
GET /api/open/get-tax 304 62.796 ms
GET /api/open/get-company 304 78.846 ms
GET /api/open/get-menu-items 304 60.898 ms
GET /api/open/details/672ed7e84444a25864a1ea19 304 56.020 ms
GET /api/user/get-all-payment-method 304 415.440 ms
POST /api/user/razorpay 200 1989.120 ms
GET /api/user/get-address/6713cdac565856b74db1df71 304 121.887 ms
GET /api/user/get-all-payment-method 304 123.143 ms
POST /api/user/verify-payment 500 481.618 ms
GET /api/user/get-all-payment-method 304 85.680 ms
GET /api/user/get-address/6713cdac565856b74db1df71 304 104.561 ms
GET /api/open/get-tax 304 73.659 ms
GET /api/user/get-address/6713cdac565856b74db1df71 304 164.241 ms
GET /api/user/get-all-payment-method 304 126.880 ms
POST /api/user/razorpay 200 1170.920 ms
GET /api/user/get-address/6713cdac565856b74db1df71 304 102.044 ms
GET /api/user/get-all-payment-method 304 109.468 ms
POST /api/user/verify-payment 500 333.200 ms
GET /api/user/get-address/6713cdac565856b74db1df71 304 130.206 ms
GET /api/user/get-all-payment-method 304 144.981 ms
GET /api/user/get-address/6713cdac565856b74db1df71 304 72.087 ms
GET /api/user/get-all-payment-method 304 69.045 ms
POST /api/user/razorpay 200 205.716 ms
GET /api/user/get-address/6713cdac565856b74db1df71 304 74.772 ms
GET /api/user/get-all-payment-method 304 76.469 ms
POST /api/user/verify-payment 200 1480.482 ms
GET /api/user/get-all-payment-method 304 70.552 ms
GET /api/user/get-address/6713cdac565856b74db1df71 304 87.120 ms
DELETE /api/user/delete-all-cart 200 76.504 ms
GET /api/open/get-products?page=1&limit=8 200 74.446 ms
GET /api/open/details/67137ebc41aefd1567fe0207 304 21.463 ms
GET /api/open/get-tax 304 38.201 ms
GET /api/user/get-all-reviews/67137ebc41aefd1567fe0207 304 57.244 ms
GET /api/admin/all-orders-on-stat 304 43.432 ms
GET /api/admin/all-orders 304 102.077 ms
GET /api/admin/user/statistics 304 44.423 ms
GET /api/admin/products/count-by-material 304 29.040 ms
GET /api/open/details/67137df441aefd1567fe01f8 304 52.745 ms
GET /api/open/get-tax 304 51.877 ms
GET /api/user/get-all-reviews/67137df441aefd1567fe01f8 304 103.277 ms
GET /api/open/carousel 304 58.765 ms
GET /api/user/get-cart/6713cdac565856b74db1df71 304 117.008 ms
GET /api/open/get-products?page=1&limit=8 304 140.680 ms
GET /api/open/details/672ed7e84444a25864a1ea19 200 101.316 ms
GET /api/open/get-tax 304 95.506 ms
GET /api/user/get-all-reviews/672ed7e84444a25864a1ea19 304 143.959 ms
GET /api/open/details/67137ebc41aefd1567fe0207 304 75.191 ms
GET /api/open/get-tax 304 72.827 ms
GET /api/user/get-all-reviews/67137ebc41aefd1567fe0207 304 150.362 ms
GET /api/admin/all-orders-on-stat 409 0.302 ms
GET /api/admin/all-orders 409 0.209 ms
GET /api/admin/all-orders-on-stat 409 0.309 ms
GET /api/admin/all-orders 409 0.319 ms
GET /api/user/get-cart/null 409 8.925 ms
GET /api/open/carousel 304 192.355 ms
GET /api/open/get-products?page=1&limit=8 304 339.381 ms
GET /api/admin/all-user 304 39.254 ms
PUT /api/admin/block-user/6713cdac565856b74db1df71 200 79.083 ms
GET /api/admin/all-user 200 54.590 ms
GET /api/admin/all-user 304 63.214 ms
GET /api/open/carousel 304 39.016 ms
GET /api/user/get-cart/6713cdac565856b74db1df71 304 97.478 ms
GET /api/open/get-products?page=1&limit=8 304 255.358 ms
POST /api/adminAuth/login-admin 500 501.830 ms
POST /api/adminAuth/login-admin 500 531.548 ms
POST /api/adminAuth/login-admin 200 77.502 ms
POST /api/adminAuth/verify-otp-admin 200 24.162 ms
GET /api/admin/get-company-addresses 200 20.992 ms
POST /api/open/post-history 200 39.794 ms
GET /api/open/get-company 304 11.842 ms
GET /api/open/get-menu-items 304 63.002 ms
GET /api/open/categories 304 67.803 ms
GET /api/open/get-tax 304 70.528 ms
GET /api/user/get-address/6713cdac565856b74db1df71 304 36.908 ms
GET /api/open/get-products?page=1&limit=8 304 2.901 ms
GET /api/open/get-scroll-cards 304 18.380 ms
GET /api/open/get-adds-images 304 15.715 ms
GET /api/open/carousel 304 15.892 ms
POST /api/open/post-history 200 17.695 ms
GET /api/open/details/6713778299cf2e9eb067f55a 304 16.443 ms
GET /api/user/get-all-reviews/6713778299cf2e9eb067f55a 304 30.658 ms
GET /api/open/get-company 304 16.355 ms
GET /api/open/get-menu-items 304 20.453 ms
GET /api/open/categories 304 20.356 ms
GET /api/open/get-tax 304 12.466 ms
GET /api/open/details/6713778299cf2e9eb067f55a 304 16.060 ms
GET /api/open/get-products?page=1&limit=8 304 4.114 ms
GET /api/open/get-adds-images 304 25.437 ms
GET /api/open/carousel 304 24.461 ms
GET /api/open/get-scroll-cards 304 36.317 ms
GET /api/open/get-products?page=1&limit=8 304 16.014 ms
GET /api/open/get-scroll-cards 304 34.707 ms
GET /api/open/get-adds-images 304 33.349 ms
GET /api/open/carousel 304 34.333 ms
GET /api/open/get-products?page=1&limit=8 304 123.738 ms
POST /api/open/post-history 200 99.770 ms
GET /api/open/categories 304 33.025 ms
GET /api/open/get-company 304 51.240 ms
GET /api/open/get-tax 304 61.615 ms
GET /api/open/get-menu-items 304 133.011 ms
GET /api/open/get-products?page=1&limit=8 304 3.827 ms
GET /api/open/get-adds-images 304 36.567 ms
GET /api/open/carousel 304 40.905 ms
GET /api/open/get-scroll-cards 304 109.074 ms
GET /api/open/get-products?page=1&limit=8 304 2.365 ms
GET /api/open/get-products?page=1&limit=8 304 2.510 ms
GET /api/open/get-products?page=1&limit=8 304 2.460 ms
GET /api/open/get-products?page=1&limit=8 304 27.028 ms
GET /api/open/get-products?page=1&limit=8 304 38.765 ms
GET /api/open/get-products?page=1&limit=8 304 2.363 ms
GET /api/open/get-products?page=1&limit=8 304 2.375 ms
GET /api/open/details/672ed7e84444a25864a1ea19 304 33.120 ms
POST /api/open/post-history 200 68.968 ms
GET /api/user/get-all-reviews/672ed7e84444a25864a1ea19 200 148.654 ms
GET /api/open/get-tax 304 43.815 ms
GET /api/open/details/672ed7e84444a25864a1ea19 304 42.025 ms
GET /api/open/categories 304 61.358 ms
GET /api/open/get-company 304 61.858 ms
GET /api/open/get-menu-items 304 123.135 ms
POST /api/open/post-history 200 59.393 ms
GET /api/user/get-address/6713cdac565856b74db1df71 304 87.278 ms
GET /api/open/get-tax 304 31.427 ms
GET /api/open/categories 304 32.028 ms
GET /api/open/details/672ed7e84444a25864a1ea19 304 38.925 ms
GET /api/open/get-company 304 44.439 ms
GET /api/open/get-menu-items 304 129.263 ms
GET /api/open/get-products?page=1&limit=8 304 7.425 ms
POST /api/open/post-history 200 101.670 ms
GET /api/open/categories 304 25.785 ms
GET /api/open/get-company 304 34.133 ms
GET /api/open/get-tax 304 28.638 ms
GET /api/open/get-menu-items 304 336.894 ms
POST /api/open/post-history 200 844.155 ms
GET /api/open/categories 304 147.292 ms
GET /api/open/get-menu-items 304 146.405 ms
GET /api/open/get-tax 304 733.966 ms
GET /api/open/get-company 304 749.782 ms
GET /api/open/get-adds-images 304 78.033 ms
GET /api/open/carousel 304 78.353 ms
GET /api/open/get-scroll-cards 304 89.316 ms
GET /api/open/get-products?page=1&limit=8 304 1396.919 ms
GET /api/open/get-company 304 47.545 ms
GET /api/open/get-tax 304 28.091 ms
GET /api/open/categories 304 37.277 ms
GET /api/open/carousel 304 41.311 ms
GET /api/open/get-menu-items 304 109.694 ms
GET /api/open/get-products?page=1&limit=8 304 28.276 ms
GET /api/user/get-cart/6713cdac565856b74db1df71 304 418.039 ms
GET /api/open/get-scroll-cards 304 497.204 ms
GET /api/open/get-adds-images 304 532.994 ms
POST /api/adminAuth/login-admin 200 152.707 ms
POST /api/adminAuth/verify-otp-admin 401 18.091 ms
GET /api/open/get-company 304 57.517 ms
POST /api/adminAuth/login-admin 200 89.055 ms
POST /api/adminAuth/verify-otp-admin 401 1.618 ms
GET /api/open/get-company 304 89.660 ms
POST /api/adminAuth/login-admin 500 234.719 ms
GET /api/open/get-company 304 66.990 ms
POST /api/adminAuth/login-admin 500 287.072 ms
GET /api/open/get-company 304 74.220 ms
POST /api/adminAuth/login-admin 200 254.240 ms
POST /api/adminAuth/verify-otp-admin 401 3.258 ms
GET /api/open/get-company 304 89.129 ms
POST /api/adminAuth/login-admin 200 225.902 ms
POST /api/adminAuth/verify-otp-admin 200 70.316 ms
GET /api/admin/get-all-products 200 240.028 ms
GET /api/open/get-tax 304 69.266 ms
GET /api/open/get-company 304 85.825 ms
GET /api/open/categories 304 73.374 ms
GET /api/open/get-adds-images 304 28.839 ms
GET /api/open/carousel 304 29.480 ms
GET /api/open/get-menu-items 304 143.653 ms
GET /api/user/get-cart/6713cdac565856b74db1df71 304 143.181 ms
GET /api/open/get-products?page=1&limit=8 304 55.269 ms
GET /api/open/get-scroll-cards 304 788.337 ms
GET /api/open/get-company 304 54.180 ms
GET /api/admin/get-all-products 304 116.649 ms
GET /api/open/get-company 304 59.848 ms
GET /api/open/get-company 304 56.140 ms
GET /api/admin/get-all-products 304 494.127 ms
GET /api/user/get-all-reviews/undefined 500 136.171 ms
GET /api/user/get-all-reviews/undefined 500 77.867 ms
GET /api/open/get-company 304 83.042 ms
GET /api/user/get-all-reviews/undefined 500 62.383 ms
GET /api/open/get-company 304 66.640 ms
GET /api/open/get-company 304 48.022 ms
GET /api/admin/get-all-products 304 385.712 ms
GET /api/open/get-company 304 47.152 ms
GET /api/admin/get-all-products 304 187.685 ms
GET /api/open/get-company 304 35.087 ms
GET /api/admin/get-all-products 304 493.875 ms
POST /api/open/post-history 200 74.675 ms
GET /api/open/categories 304 42.337 ms
GET /api/open/get-company 304 53.457 ms
GET /api/open/get-tax 304 44.811 ms
GET /api/open/get-menu-items 304 120.359 ms
POST /api/open/post-history 200 82.814 ms
GET /api/open/get-menu-items 304 27.806 ms
GET /api/open/get-company 304 34.416 ms
GET /api/open/categories 304 39.735 ms
GET /api/open/get-tax 304 37.354 ms
POST /api/open/post-history 200 71.413 ms
GET /api/open/get-tax 304 40.849 ms
GET /api/open/get-company 304 45.631 ms
GET /api/open/categories 304 56.508 ms
GET /api/open/get-menu-items 304 107.735 ms
POST /api/open/post-history 200 106.281 ms
GET /api/open/get-tax 304 30.886 ms
GET /api/open/get-company 304 27.579 ms
GET /api/open/get-menu-items 304 30.665 ms
GET /api/open/categories 304 36.318 ms
POST /api/open/post-history 200 61.871 ms
GET /api/open/get-company 304 32.908 ms
GET /api/open/get-tax 304 39.144 ms
GET /api/open/categories 304 35.118 ms
GET /api/open/get-menu-items 304 207.016 ms
POST /api/open/post-history 200 47.226 ms
GET /api/open/get-company 304 25.747 ms
GET /api/open/categories 304 24.048 ms
GET /api/open/get-tax 304 29.088 ms
GET /api/open/get-menu-items 304 30.155 ms
POST /api/open/post-history 200 30.033 ms
GET /api/open/get-company 304 39.861 ms
GET /api/open/get-tax 304 35.925 ms
GET /api/open/categories 304 40.497 ms
GET /api/open/get-menu-items 304 71.742 ms
POST /api/open/post-history 200 81.528 ms
GET /api/open/categories 304 59.599 ms
GET /api/open/get-company 304 66.285 ms
GET /api/open/get-tax 304 66.591 ms
GET /api/open/get-menu-items 304 66.975 ms
POST /api/open/post-history 200 34.580 ms
GET /api/open/categories 304 36.066 ms
GET /api/open/get-tax 304 39.120 ms
GET /api/open/get-company 304 49.164 ms
GET /api/open/get-menu-items 304 62.869 ms
POST /api/open/post-history 200 66.047 ms
GET /api/open/get-menu-items 304 38.940 ms
GET /api/open/categories 304 70.886 ms
GET /api/open/get-company 304 116.148 ms
GET /api/open/get-tax 304 124.008 ms
POST /api/open/post-history 200 68.014 ms
GET /api/open/get-tax 304 30.484 ms
GET /api/open/get-company 304 37.563 ms
GET /api/open/categories 304 44.902 ms
GET /api/open/get-menu-items 304 129.282 ms
GET /api/user/get-address/6713cdac565856b74db1df71 304 77.225 ms
POST /api/open/post-history 200 65.789 ms
GET /api/open/get-tax 304 24.365 ms
GET /api/open/categories 304 23.183 ms
GET /api/open/get-company 304 31.056 ms
GET /api/user/getLiked/6713cdac565856b74db1df71 304 164.449 ms
GET /api/open/get-menu-items 304 94.724 ms
POST /api/open/post-history 200 62.666 ms
GET /api/open/get-menu-items 304 54.968 ms
GET /api/open/categories 304 61.127 ms
GET /api/open/get-company 304 67.697 ms
GET /api/open/get-tax 304 67.974 ms
POST /api/open/post-history 200 61.018 ms
GET /api/open/get-tax 304 57.710 ms
GET /api/open/get-company 304 61.542 ms
GET /api/open/categories 304 65.785 ms
GET /api/open/get-menu-items 304 252.919 ms
POST /api/open/post-history 200 54.857 ms
GET /api/open/get-tax 304 38.741 ms
GET /api/open/get-company 304 44.002 ms
GET /api/open/categories 304 36.962 ms
GET /api/open/get-menu-items 304 462.423 ms
POST /api/open/post-history 200 54.508 ms
GET /api/open/get-tax 304 24.789 ms
GET /api/open/get-company 304 27.983 ms
GET /api/open/get-menu-items 304 28.257 ms
GET /api/open/categories 304 36.824 ms
POST /api/open/post-history 200 62.950 ms
GET /api/open/get-company 304 24.128 ms
GET /api/open/get-tax 304 35.059 ms
GET /api/open/categories 304 29.159 ms
GET /api/open/get-menu-items 304 50.458 ms
POST /api/open/post-history 200 58.050 ms
GET /api/open/get-tax 304 39.530 ms
GET /api/open/get-menu-items 304 45.159 ms
GET /api/open/get-company 304 59.440 ms
GET /api/open/categories 304 72.453 ms
POST /api/open/post-history 200 64.472 ms
GET /api/open/categories 304 42.132 ms
GET /api/open/get-tax 304 47.195 ms
GET /api/open/get-company 304 52.160 ms
GET /api/open/get-menu-items 304 134.282 ms
POST /api/open/post-history 200 41.218 ms
GET /api/open/get-menu-items 304 61.965 ms
GET /api/open/get-tax 304 69.632 ms
GET /api/open/categories 304 74.676 ms
GET /api/open/get-company 304 72.866 ms
POST /api/open/post-history 200 58.160 ms
GET /api/open/get-company 304 49.910 ms
GET /api/open/categories 304 55.072 ms
GET /api/open/get-tax 304 60.193 ms
GET /api/open/get-menu-items 304 258.199 ms
POST /api/open/post-history 200 81.594 ms
GET /api/open/get-menu-items 304 55.498 ms
GET /api/open/get-company 304 71.286 ms
GET /api/open/get-tax 304 68.427 ms
GET /api/open/categories 304 84.440 ms
POST /api/open/post-history 200 69.937 ms
GET /api/open/categories 304 27.436 ms
GET /api/open/get-tax 304 32.034 ms
GET /api/open/get-company 304 36.310 ms
GET /api/open/get-menu-items 304 240.861 ms
POST /api/open/post-history 200 54.483 ms
GET /api/open/get-company 304 28.503 ms
GET /api/open/get-tax 304 33.112 ms
GET /api/open/categories 304 39.113 ms
GET /api/open/get-menu-items 304 37.488 ms
POST /api/open/post-history 200 70.194 ms
GET /api/open/get-company 304 23.458 ms
GET /api/open/get-tax 304 26.360 ms
GET /api/open/categories 304 27.407 ms
GET /api/open/get-menu-items 304 53.928 ms
POST /api/open/post-history 200 46.032 ms
GET /api/open/get-company 304 61.533 ms
GET /api/open/get-menu-items 304 61.120 ms
GET /api/open/get-tax 304 67.974 ms
GET /api/open/categories 304 67.784 ms
POST /api/open/post-history 200 63.077 ms
GET /api/open/get-company 304 31.160 ms
GET /api/open/get-tax 304 31.478 ms
GET /api/open/categories 304 36.704 ms
GET /api/open/get-menu-items 304 349.014 ms
POST /api/open/post-history 200 48.756 ms
GET /api/open/categories 304 43.293 ms
GET /api/open/get-tax 304 50.895 ms
GET /api/open/get-company 304 55.378 ms
GET /api/open/get-menu-items 304 241.240 ms
GET /api/open/details/67137df441aefd1567fe01f8 304 43.878 ms
POST /api/open/post-history 200 49.347 ms
GET /api/user/get-all-reviews/67137df441aefd1567fe01f8 304 91.203 ms
GET /api/open/get-company 304 41.676 ms
GET /api/open/categories 304 27.239 ms
GET /api/open/get-tax 304 30.473 ms
GET /api/open/details/67137df441aefd1567fe01f8 304 26.721 ms
GET /api/open/get-menu-items 304 118.724 ms
POST /api/open/post-history 200 62.679 ms
GET /api/open/categories 304 38.951 ms
GET /api/open/get-company 304 45.420 ms
GET /api/open/get-tax 304 42.804 ms
GET /api/open/get-menu-items 304 67.691 ms
POST /api/open/post-history 200 58.062 ms
GET /api/open/get-company 304 25.782 ms
GET /api/open/get-tax 304 26.732 ms
GET /api/open/categories 304 33.293 ms
GET /api/open/get-menu-items 304 103.961 ms
POST /api/open/post-history 200 46.819 ms
GET /api/open/get-company 304 25.026 ms
GET /api/open/get-tax 304 24.962 ms
GET /api/open/categories 304 27.129 ms
GET /api/open/get-menu-items 304 261.022 ms
POST /api/open/post-history 200 73.179 ms
GET /api/open/get-company 304 45.981 ms
GET /api/open/get-tax 304 44.667 ms
GET /api/open/categories 304 58.535 ms
GET /api/open/get-menu-items 304 63.922 ms
POST /api/open/post-history 200 42.013 ms
GET /api/open/get-company 304 43.197 ms
GET /api/open/get-tax 304 49.059 ms
GET /api/open/categories 304 53.030 ms
GET /api/open/get-menu-items 304 66.585 ms
POST /api/open/post-history 200 43.615 ms
GET /api/open/categories 304 45.816 ms
GET /api/open/get-menu-items 304 45.736 ms
GET /api/open/get-tax 304 54.531 ms
GET /api/open/get-company 304 58.421 ms
POST /api/open/post-history 200 55.173 ms
GET /api/open/get-company 304 43.686 ms
GET /api/open/get-tax 304 47.938 ms
GET /api/open/categories 304 54.779 ms
GET /api/open/get-menu-items 304 285.669 ms
POST /api/open/post-history 200 59.023 ms
GET /api/open/categories 304 55.974 ms
GET /api/open/get-company 304 64.588 ms
GET /api/open/get-tax 304 64.008 ms
GET /api/open/get-menu-items 304 276.282 ms
POST /api/open/post-history 200 58.026 ms
GET /api/open/get-menu-items 304 50.959 ms
GET /api/open/categories 304 62.391 ms
GET /api/open/get-company 304 62.281 ms
GET /api/open/get-tax 304 62.992 ms
POST /api/open/post-history 200 61.118 ms
GET /api/open/categories 304 24.474 ms
GET /api/open/get-tax 304 23.169 ms
GET /api/open/get-company 304 27.529 ms
GET /api/open/get-menu-items 304 263.092 ms
POST /api/open/post-history 200 73.924 ms
GET /api/open/get-menu-items 304 43.616 ms
GET /api/open/categories 304 55.712 ms
GET /api/open/get-tax 304 53.314 ms
GET /api/open/get-company 304 57.962 ms
POST /api/open/post-history 200 58.025 ms
GET /api/open/get-company 304 48.575 ms
GET /api/open/get-tax 304 52.688 ms
GET /api/open/categories 304 60.007 ms
GET /api/open/get-menu-items 304 298.495 ms
POST /api/open/post-history 200 68.387 ms
GET /api/open/get-company 304 27.448 ms
GET /api/open/categories 304 24.259 ms
GET /api/open/get-tax 304 30.153 ms
GET /api/open/get-menu-items 304 30.807 ms
POST /api/open/post-history 200 38.648 ms
GET /api/open/get-company 304 58.888 ms
GET /api/open/get-tax 304 56.837 ms
GET /api/open/categories 304 61.653 ms
GET /api/open/get-menu-items 304 291.410 ms
POST /api/open/post-history 200 58.485 ms
GET /api/open/categories 304 56.699 ms
GET /api/open/get-tax 304 60.907 ms
GET /api/open/get-company 304 65.042 ms
GET /api/open/get-menu-items 304 65.382 ms
POST /api/open/post-history 200 47.594 ms
GET /api/open/categories 304 61.495 ms
GET /api/open/get-company 304 59.146 ms
GET /api/open/get-tax 304 63.509 ms
GET /api/open/get-menu-items 304 270.237 ms
POST /api/open/post-history 200 32.420 ms
GET /api/open/categories 304 25.997 ms
GET /api/open/get-company 304 28.475 ms
GET /api/open/get-tax 304 29.024 ms
GET /api/open/get-menu-items 304 33.641 ms
POST /api/open/post-history 200 67.937 ms
GET /api/open/categories 304 33.364 ms
GET /api/open/get-company 304 32.447 ms
GET /api/open/get-tax 304 32.979 ms
GET /api/open/get-menu-items 304 225.476 ms
POST /api/open/post-history 200 55.338 ms
GET /api/open/get-menu-items 304 59.919 ms
GET /api/open/categories 304 71.349 ms
GET /api/open/get-company 304 68.334 ms
GET /api/open/get-tax 304 72.502 ms
POST /api/open/post-history 200 65.840 ms
GET /api/open/get-tax 304 48.585 ms
GET /api/open/get-company 304 52.038 ms
GET /api/open/categories 304 57.142 ms
GET /api/open/get-menu-items 304 253.416 ms
POST /api/open/post-history 200 56.855 ms
GET /api/open/get-tax 304 37.501 ms
GET /api/open/get-menu-items 304 36.636 ms
GET /api/open/categories 304 50.572 ms
GET /api/open/get-company 304 55.655 ms
POST /api/open/post-history 200 41.044 ms
GET /api/open/get-tax 304 63.976 ms
GET /api/open/categories 304 58.853 ms
GET /api/open/get-company 304 60.001 ms
GET /api/open/get-menu-items 304 266.558 ms
POST /api/open/post-history 200 69.747 ms
GET /api/open/get-company 304 35.372 ms
GET /api/open/get-tax 304 42.615 ms
GET /api/open/categories 304 43.038 ms
GET /api/open/get-menu-items 304 271.737 ms
POST /api/open/post-history 200 65.476 ms
GET /api/open/get-company 304 26.198 ms
GET /api/open/get-tax 304 36.725 ms
GET /api/open/categories 304 31.902 ms
GET /api/open/get-menu-items 304 43.510 ms
POST /api/open/post-history 200 47.905 ms
GET /api/open/get-company 304 26.506 ms
GET /api/open/get-tax 304 30.580 ms
GET /api/open/categories 304 32.576 ms
GET /api/open/get-menu-items 304 252.720 ms
POST /api/open/post-history 200 62.153 ms
GET /api/open/get-tax 304 30.470 ms
GET /api/open/get-company 304 41.663 ms
GET /api/open/categories 304 35.714 ms
GET /api/open/get-menu-items 304 40.648 ms
POST /api/open/post-history 200 68.192 ms
GET /api/open/get-tax 304 33.377 ms
GET /api/open/get-company 304 30.932 ms
GET /api/open/categories 304 32.450 ms
GET /api/open/get-menu-items 304 293.528 ms
POST /api/open/post-history 200 52.602 ms
GET /api/open/get-tax 304 25.959 ms
GET /api/open/categories 304 38.670 ms
GET /api/open/get-menu-items 304 41.079 ms
GET /api/open/get-company 304 49.140 ms
POST /api/open/post-history 200 93.369 ms
GET /api/open/get-tax 304 30.206 ms
GET /api/open/categories 304 30.913 ms
GET /api/open/get-company 304 28.527 ms
GET /api/open/get-menu-items 304 258.087 ms
POST /api/open/post-history 200 88.096 ms
GET /api/open/get-company 304 37.181 ms
GET /api/open/get-tax 304 45.958 ms
GET /api/open/categories 304 45.955 ms
GET /api/open/get-menu-items 304 271.049 ms
POST /api/open/post-history 200 41.955 ms
GET /api/open/get-company 304 27.862 ms
GET /api/open/get-tax 304 27.640 ms
GET /api/open/categories 304 29.507 ms
GET /api/open/get-menu-items 304 96.570 ms
POST /api/open/post-history 200 55.583 ms
GET /api/open/get-company 304 58.063 ms
GET /api/open/categories 304 58.699 ms
GET /api/open/get-tax 304 60.305 ms
GET /api/open/get-menu-items 304 252.268 ms
POST /api/open/post-history 200 69.786 ms
GET /api/open/get-tax 304 46.023 ms
GET /api/open/get-menu-items 304 56.915 ms
GET /api/open/get-company 304 66.298 ms
GET /api/open/categories 304 66.193 ms
POST /api/open/post-history 200 81.051 ms
GET /api/open/get-company 304 48.934 ms
GET /api/open/get-tax 304 65.562 ms
GET /api/open/categories 304 57.120 ms
GET /api/open/get-menu-items 304 288.147 ms
POST /api/open/post-history 200 39.181 ms
GET /api/open/get-menu-items 304 59.212 ms
GET /api/open/get-tax 304 66.478 ms
GET /api/open/get-company 304 71.186 ms
GET /api/open/categories 304 68.642 ms
DELETE /api/user/delete-like/673c31a0a7f99945b101c707 200 89.763 ms
GET /api/user/get-cart/6713cdac565856b74db1df71 304 127.778 ms
GET /api/user/getLiked/6713cdac565856b74db1df71 200 539.452 ms
POST /api/open/post-history 200 81.779 ms
GET /api/open/categories 304 31.753 ms
GET /api/open/get-company 304 37.369 ms
GET /api/open/get-tax 304 42.358 ms
GET /api/open/get-menu-items 304 62.718 ms
POST /api/open/post-history 200 65.714 ms
GET /api/open/get-menu-items 304 50.291 ms
GET /api/open/get-tax 304 56.233 ms
GET /api/open/get-company 304 64.944 ms
GET /api/open/categories 304 73.052 ms
POST /api/open/post-history 200 56.636 ms
GET /api/open/categories 304 25.402 ms
GET /api/open/get-company 304 25.607 ms
GET /api/open/get-tax 304 33.126 ms
GET /api/open/get-menu-items 304 260.320 ms
POST /api/open/post-history 200 63.409 ms
GET /api/open/get-company 304 43.917 ms
GET /api/open/categories 304 54.758 ms
GET /api/open/get-tax 304 51.541 ms
GET /api/open/get-menu-items 304 698.082 ms
POST /api/open/post-history 200 65.698 ms
GET /api/open/get-company 304 61.199 ms
GET /api/open/get-tax 304 56.785 ms
GET /api/open/categories 304 64.620 ms
GET /api/open/get-menu-items 304 288.272 ms
POST /api/open/post-history 200 59.835 ms
GET /api/open/get-company 304 64.181 ms
GET /api/open/categories 304 61.682 ms
GET /api/open/get-tax 304 66.817 ms
GET /api/open/get-menu-items 304 87.391 ms
POST /api/open/post-history 200 38.341 ms
GET /api/open/get-company 304 43.976 ms
GET /api/open/get-tax 304 59.961 ms
GET /api/open/categories 304 72.834 ms
GET /api/open/get-menu-items 304 280.103 ms
POST /api/open/post-history 200 85.764 ms
GET /api/open/get-tax 304 36.810 ms
GET /api/open/categories 304 37.611 ms
GET /api/open/get-company 304 44.081 ms
GET /api/open/get-menu-items 304 70.114 ms
POST /api/open/post-history 200 38.201 ms
GET /api/open/get-tax 304 25.098 ms
GET /api/open/categories 304 25.684 ms
GET /api/open/get-company 304 29.597 ms
GET /api/open/get-menu-items 304 254.570 ms
POST /api/open/post-history 200 114.395 ms
GET /api/open/categories 304 54.240 ms
GET /api/open/get-menu-items 304 52.618 ms
GET /api/open/get-company 304 57.764 ms
GET /api/open/get-tax 304 68.134 ms
POST /api/open/post-history 200 90.381 ms
GET /api/open/get-company 304 23.204 ms
GET /api/open/categories 304 34.298 ms
GET /api/open/get-tax 304 25.921 ms
GET /api/open/get-menu-items 304 224.727 ms
POST /api/open/post-history 200 84.096 ms
GET /api/open/get-menu-items 304 44.866 ms
GET /api/open/categories 304 51.029 ms
GET /api/open/get-company 304 55.958 ms
GET /api/open/get-tax 304 53.742 ms
POST /api/open/post-history 200 56.698 ms
GET /api/open/get-tax 304 44.949 ms
GET /api/open/get-company 304 52.336 ms
GET /api/open/categories 304 58.393 ms
GET /api/open/get-menu-items 304 92.207 ms
POST /api/open/post-history 200 42.112 ms
GET /api/open/get-tax 304 68.992 ms
GET /api/open/get-company 304 69.653 ms
GET /api/open/categories 304 69.854 ms
GET /api/open/get-menu-items 304 73.660 ms
POST /api/open/post-history 200 46.734 ms
GET /api/open/get-tax 304 23.790 ms
GET /api/open/get-company 304 27.218 ms
GET /api/open/categories 304 27.383 ms
GET /api/open/get-menu-items 304 253.249 ms
POST /api/open/post-history 200 44.104 ms
GET /api/open/get-menu-items 304 57.812 ms
GET /api/open/categories 304 65.367 ms
GET /api/open/get-company 304 71.296 ms
GET /api/open/get-tax 304 76.324 ms
POST /api/open/post-history 200 59.886 ms
GET /api/open/get-company 304 38.711 ms
GET /api/open/get-tax 304 92.240 ms
GET /api/open/categories 304 99.883 ms
GET /api/open/get-menu-items 304 241.302 ms
POST /api/open/post-history 200 36.703 ms
GET /api/open/get-company 304 25.847 ms
GET /api/open/categories 304 24.809 ms
GET /api/open/get-tax 304 28.510 ms
GET /api/open/get-menu-items 304 56.420 ms
POST /api/open/post-history 200 46.003 ms
GET /api/open/get-company 304 27.887 ms
GET /api/open/get-tax 304 26.274 ms
GET /api/open/categories 304 30.681 ms
GET /api/open/get-menu-items 304 215.464 ms
POST /api/open/post-history 200 62.034 ms
GET /api/open/categories 304 45.669 ms
GET /api/open/get-tax 304 49.126 ms
GET /api/open/get-company 304 52.554 ms
GET /api/open/get-menu-items 304 94.105 ms
POST /api/open/post-history 200 56.941 ms
GET /api/open/get-menu-items 304 53.113 ms
GET /api/open/categories 304 64.171 ms
GET /api/open/get-company 304 59.400 ms
GET /api/open/get-tax 304 64.490 ms
GET /api/user/get-address/6713cdac565856b74db1df71 304 80.468 ms
POST /api/open/post-history 200 63.581 ms
GET /api/open/get-company 304 30.426 ms
GET /api/open/get-tax 304 31.694 ms
GET /api/open/categories 304 36.921 ms
GET /api/user/getLiked/6713cdac565856b74db1df71 304 134.623 ms
GET /api/open/get-menu-items 304 69.771 ms
GET /api/user/get-orders/6713cdac565856b74db1df71 304 132.303 ms
POST /api/open/post-history 200 42.777 ms
GET /api/open/categories 304 46.546 ms
GET /api/open/get-tax 304 51.070 ms
GET /api/open/get-company 304 55.294 ms
GET /api/open/get-menu-items 304 238.375 ms
GET /api/open/get-products?page=1&limit=8 304 2.100 ms
GET /api/open/carousel 304 147.180 ms
GET /api/open/get-adds-images 304 151.636 ms
GET /api/open/get-scroll-cards 304 386.439 ms
GET /api/open/details/6740681c9e05fc3095358c09 304 40.085 ms
POST /api/open/post-history 200 44.583 ms
GET /api/user/get-all-reviews/6740681c9e05fc3095358c09 200 87.067 ms
GET /api/open/get-tax 304 57.832 ms
GET /api/open/details/6740681c9e05fc3095358c09 304 94.474 ms
GET /api/open/get-company 304 100.876 ms
GET /api/open/categories 304 111.319 ms
GET /api/open/get-menu-items 304 127.447 ms
GET /api/open/get-products?page=1&limit=8 304 4.149 ms
GET /api/open/carousel 304 53.063 ms
GET /api/open/get-adds-images 304 58.464 ms
GET /api/open/get-scroll-cards 304 251.061 ms
POST /api/open/post-history 200 74.366 ms
GET /api/open/details/672ed7e84444a25864a1ea19 304 70.720 ms
GET /api/user/get-all-reviews/672ed7e84444a25864a1ea19 304 110.564 ms
GET /api/open/get-company 304 27.663 ms
GET /api/open/categories 304 28.465 ms
GET /api/open/get-tax 304 35.900 ms
GET /api/open/get-menu-items 304 34.361 ms
GET /api/open/details/672ed7e84444a25864a1ea19 304 35.428 ms
POST /api/open/post-history 200 75.037 ms
GET /api/user/get-address/6713cdac565856b74db1df71 304 112.935 ms
GET /api/open/get-company 304 30.017 ms
GET /api/open/categories 304 31.372 ms
GET /api/open/details/672ed7e84444a25864a1ea19 304 29.228 ms
GET /api/open/get-tax 304 35.152 ms
GET /api/open/get-menu-items 304 221.787 ms
POST /api/open/post-history 200 59.232 ms
GET /api/user/get-all-payment-method 304 96.078 ms
GET /api/open/get-company 304 61.663 ms
GET /api/open/categories 304 62.572 ms
GET /api/open/get-tax 304 62.641 ms
GET /api/open/get-menu-items 304 131.686 ms
GET /api/open/get-products?page=1&limit=8 304 3.465 ms
GET /api/open/get-adds-images 304 51.807 ms
GET /api/open/carousel 304 51.031 ms
GET /api/open/get-scroll-cards 304 71.903 ms
